# JRE version: OpenJDK Runtime Environment Corretto-21.0.6.7.1 (21.0.6+7) (build 21.0.6+7-LTS)
# Java VM: OpenJDK 64-Bit Server VM Corretto-21.0.6.7.1 (21.0.6+7-LTS, mixed mode, emulated-client, sharing, tiered, compressed oops, compressed class ptrs, g1 gc, windows-amd64)
GC Precious Log:
 CardTable entry size: 512
 Card Set container configuration: InlinePtr #cards 4 size 8 Array Of Cards #cards 16 size 48 Howl #buckets 8 coarsen threshold 3686 Howl Bitmap #cards 512 size 80 coarsen threshold 460 Card regions per heap region 1 cards per card region 4096
 CPUs: 12 total, 12 available
 Memory: 16320M
 Large Page Support: Disabled
 NUMA Support: Disabled
 Compressed Oops: Enabled (Zero based)
 Heap Region Size: 2M
 Heap Min Capacity: 8M
 Heap Initial Capacity: 256M
 Heap Max Capacity: 4082M
 Pre-touch: Disabled
 Parallel Workers: 10
 Concurrent Workers: 3
 Concurrent Refinement Workers: 10
 Periodic GC: Disabled
Heap:
 garbage-first heap   total 337920K, used 231960K [0x0000000700e00000, 0x0000000800000000)
  region size 2048K, 5 young (10240K), 5 survivors (10240K)
 Metaspace       used 126152K, committed 127616K, reserved 1179648K
  class space    used 17797K, committed 18432K, reserved 1048576K
GC Heap History (20 events):
Event: 15.944 GC heap after
{Heap after GC invocations=24 (full 0):
 garbage-first heap   total 155648K, used 64594K [0x0000000700e00000, 0x0000000800000000)
  region size 2048K, 5 young (10240K), 5 survivors (10240K)
 Metaspace       used 95720K, committed 96768K, reserved 1179648K
  class space    used 13794K, committed 14272K, reserved 1048576K
}
Event: 17.002 GC heap before
{Heap before GC invocations=24 (full 0):
 garbage-first heap   total 155648K, used 134226K [0x0000000700e00000, 0x0000000800000000)
  region size 2048K, 39 young (79872K), 5 survivors (10240K)
 Metaspace       used 105199K, committed 106304K, reserved 1179648K
  class space    used 14867K, committed 15360K, reserved 1048576K
}
Event: 17.012 GC heap after
{Heap after GC invocations=25 (full 0):
 garbage-first heap   total 155648K, used 65236K [0x0000000700e00000, 0x0000000800000000)
  region size 2048K, 4 young (8192K), 4 survivors (8192K)
 Metaspace       used 105199K, committed 106304K, reserved 1179648K
  class space    used 14867K, committed 15360K, reserved 1048576K
}
Event: 32.825 GC heap before
{Heap before GC invocations=25 (full 0):
 garbage-first heap   total 155648K, used 112340K [0x0000000700e00000, 0x0000000800000000)
  region size 2048K, 29 young (59392K), 4 survivors (8192K)
 Metaspace       used 112598K, committed 113856K, reserved 1179648K
  class space    used 15929K, committed 16512K, reserved 1048576K
}
Event: 32.833 GC heap after
{Heap after GC invocations=26 (full 0):
 garbage-first heap   total 155648K, used 69251K [0x0000000700e00000, 0x0000000800000000)
  region size 2048K, 4 young (8192K), 4 survivors (8192K)
 Metaspace       used 112598K, committed 113856K, reserved 1179648K
  class space    used 15929K, committed 16512K, reserved 1048576K
}
Event: 39.732 GC heap before
{Heap before GC invocations=27 (full 0):
 garbage-first heap   total 192512K, used 188035K [0x0000000700e00000, 0x0000000800000000)
  region size 2048K, 27 young (55296K), 4 survivors (8192K)
 Metaspace       used 119704K, committed 121088K, reserved 1179648K
  class space    used 16917K, committed 17600K, reserved 1048576K
}
Event: 39.741 GC heap after
{Heap after GC invocations=28 (full 0):
 garbage-first heap   total 204800K, used 148115K [0x0000000700e00000, 0x0000000800000000)
  region size 2048K, 5 young (10240K), 5 survivors (10240K)
 Metaspace       used 119704K, committed 121088K, reserved 1179648K
  class space    used 16917K, committed 17600K, reserved 1048576K
}
Event: 40.634 GC heap before
{Heap before GC invocations=28 (full 0):
 garbage-first heap   total 204800K, used 180883K [0x0000000700e00000, 0x0000000800000000)
  region size 2048K, 22 young (45056K), 5 survivors (10240K)
 Metaspace       used 124901K, committed 126336K, reserved 1179648K
  class space    used 17621K, committed 18304K, reserved 1048576K
}
Event: 40.646 GC heap after
{Heap after GC invocations=29 (full 0):
 garbage-first heap   total 204800K, used 151147K [0x0000000700e00000, 0x0000000800000000)
  region size 2048K, 3 young (6144K), 3 survivors (6144K)
 Metaspace       used 124901K, committed 126336K, reserved 1179648K
  class space    used 17621K, committed 18304K, reserved 1048576K
}
Event: 40.871 GC heap before
{Heap before GC invocations=29 (full 0):
 garbage-first heap   total 204800K, used 165483K [0x0000000700e00000, 0x0000000800000000)
  region size 2048K, 11 young (22528K), 3 survivors (6144K)
 Metaspace       used 126030K, committed 127424K, reserved 1179648K
  class space    used 17765K, committed 18432K, reserved 1048576K
}
Event: 40.876 GC heap after
{Heap after GC invocations=30 (full 0):
 garbage-first heap   total 204800K, used 157857K [0x0000000700e00000, 0x0000000800000000)
  region size 2048K, 3 young (6144K), 3 survivors (6144K)
 Metaspace       used 126030K, committed 127424K, reserved 1179648K
  class space    used 17765K, committed 18432K, reserved 1048576K
}
Event: 41.022 GC heap before
{Heap before GC invocations=31 (full 0):
 garbage-first heap   total 266240K, used 182433K [0x0000000700e00000, 0x0000000800000000)
  region size 2048K, 15 young (30720K), 3 survivors (6144K)
 Metaspace       used 126124K, committed 127552K, reserved 1179648K
  class space    used 17787K, committed 18432K, reserved 1048576K
}
Event: 41.029 GC heap after
{Heap after GC invocations=32 (full 0):
 garbage-first heap   total 266240K, used 165843K [0x0000000700e00000, 0x0000000800000000)
  region size 2048K, 2 young (4096K), 2 survivors (4096K)
 Metaspace       used 126124K, committed 127552K, reserved 1179648K
  class space    used 17787K, committed 18432K, reserved 1048576K
}
Event: 41.354 GC heap before
{Heap before GC invocations=32 (full 0):
 garbage-first heap   total 266240K, used 227283K [0x0000000700e00000, 0x0000000800000000)
  region size 2048K, 32 young (65536K), 2 survivors (4096K)
 Metaspace       used 126131K, committed 127552K, reserved 1179648K
  class space    used 17790K, committed 18432K, reserved 1048576K
}
Event: 41.367 GC heap after
{Heap after GC invocations=33 (full 0):
 garbage-first heap   total 266240K, used 185698K [0x0000000700e00000, 0x0000000800000000)
  region size 2048K, 4 young (8192K), 4 survivors (8192K)
 Metaspace       used 126131K, committed 127552K, reserved 1179648K
  class space    used 17790K, committed 18432K, reserved 1048576K
}
Event: 41.579 GC heap before
{Heap before GC invocations=33 (full 0):
 garbage-first heap   total 266240K, used 228706K [0x0000000700e00000, 0x0000000800000000)
  region size 2048K, 26 young (53248K), 4 survivors (8192K)
 Metaspace       used 126163K, committed 127616K, reserved 1179648K
  class space    used 17800K, committed 18432K, reserved 1048576K
}
Event: 41.588 GC heap after
{Heap after GC invocations=34 (full 0):
 garbage-first heap   total 266240K, used 202581K [0x0000000700e00000, 0x0000000800000000)
  region size 2048K, 4 young (8192K), 4 survivors (8192K)
 Metaspace       used 126163K, committed 127616K, reserved 1179648K
  class space    used 17800K, committed 18432K, reserved 1048576K
}
Event: 41.736 GC heap before
{Heap before GC invocations=35 (full 0):
 garbage-first heap   total 337920K, used 237397K [0x0000000700e00000, 0x0000000800000000)
  region size 2048K, 21 young (43008K), 4 survivors (8192K)
 Metaspace       used 126152K, committed 127616K, reserved 1179648K
  class space    used 17797K, committed 18432K, reserved 1048576K
}
Event: 41.744 GC heap after
{Heap after GC invocations=36 (full 0):
 garbage-first heap   total 337920K, used 215040K [0x0000000700e00000, 0x0000000800000000)
  region size 2048K, 3 young (6144K), 3 survivors (6144K)
 Metaspace       used 126152K, committed 127616K, reserved 1179648K
  class space    used 17797K, committed 18432K, reserved 1048576K
}
Event: 41.946 GC heap before
{Heap before GC invocations=36 (full 0):
 garbage-first heap   total 337920K, used 280576K [0x0000000700e00000, 0x0000000800000000)
  region size 2048K, 35 young (71680K), 3 survivors (6144K)
 Metaspace       used 126152K, committed 127616K, reserved 1179648K
  class space    used 17797K, committed 18432K, reserved 1048576K
}

