# JRE version: OpenJDK Runtime Environment Corretto-21.0.6.7.1 (21.0.6+7) (build 21.0.6+7-LTS)
# Java VM: OpenJDK 64-Bit Server VM Corretto-21.0.6.7.1 (21.0.6+7-LTS, mixed mode, emulated-client, sharing, tiered, compressed oops, compressed class ptrs, g1 gc, windows-amd64)
GC Precious Log:
 CardTable entry size: 512
 Card Set container configuration: InlinePtr #cards 4 size 8 Array Of Cards #cards 16 size 48 Howl #buckets 8 coarsen threshold 3686 Howl Bitmap #cards 512 size 80 coarsen threshold 460 Card regions per heap region 1 cards per card region 4096
 CPUs: 12 total, 12 available
 Memory: 16320M
 Large Page Support: Disabled
 NUMA Support: Disabled
 Compressed Oops: Enabled (Zero based)
 Heap Region Size: 2M
 Heap Min Capacity: 8M
 Heap Initial Capacity: 256M
 Heap Max Capacity: 4082M
 Pre-touch: Disabled
 Parallel Workers: 10
 Concurrent Workers: 3
 Concurrent Refinement Workers: 10
 Periodic GC: Disabled
Heap:
 garbage-first heap   total 348160K, used 264592K [0x0000000700e00000, 0x0000000800000000)
  region size 2048K, 4 young (8192K), 4 survivors (8192K)
 Metaspace       used 126602K, committed 128000K, reserved 1179648K
  class space    used 18002K, committed 18624K, reserved 1048576K
GC Heap History (20 events):
Event: 23.295 GC heap after
{Heap after GC invocations=32 (full 0):
 garbage-first heap   total 133120K, used 69893K [0x0000000700e00000, 0x0000000800000000)
  region size 2048K, 4 young (8192K), 4 survivors (8192K)
 Metaspace       used 111261K, committed 112384K, reserved 1179648K
  class space    used 15734K, committed 16256K, reserved 1048576K
}
Event: 36.991 GC heap before
{Heap before GC invocations=32 (full 0):
 garbage-first heap   total 133120K, used 90373K [0x0000000700e00000, 0x0000000800000000)
  region size 2048K, 16 young (32768K), 4 survivors (8192K)
 Metaspace       used 114124K, committed 115392K, reserved 1179648K
  class space    used 16157K, committed 16768K, reserved 1048576K
}
Event: 36.999 GC heap after
{Heap after GC invocations=33 (full 0):
 garbage-first heap   total 133120K, used 71688K [0x0000000700e00000, 0x0000000800000000)
  region size 2048K, 3 young (6144K), 3 survivors (6144K)
 Metaspace       used 114124K, committed 115392K, reserved 1179648K
  class space    used 16157K, committed 16768K, reserved 1048576K
}
Event: 38.438 GC heap before
{Heap before GC invocations=34 (full 0):
 garbage-first heap   total 182272K, used 180232K [0x0000000700e00000, 0x0000000800000000)
  region size 2048K, 20 young (40960K), 3 survivors (6144K)
 Metaspace       used 119760K, committed 121152K, reserved 1179648K
  class space    used 16937K, committed 17600K, reserved 1048576K
}
Event: 38.444 GC heap after
{Heap after GC invocations=35 (full 0):
 garbage-first heap   total 192512K, used 149590K [0x0000000700e00000, 0x0000000800000000)
  region size 2048K, 3 young (6144K), 3 survivors (6144K)
 Metaspace       used 119760K, committed 121152K, reserved 1179648K
  class space    used 16937K, committed 17600K, reserved 1048576K
}
Event: 39.139 GC heap before
{Heap before GC invocations=35 (full 0):
 garbage-first heap   total 192512K, used 170070K [0x0000000700e00000, 0x0000000800000000)
  region size 2048K, 14 young (28672K), 3 survivors (6144K)
 Metaspace       used 122437K, committed 123840K, reserved 1179648K
  class space    used 17433K, committed 18112K, reserved 1048576K
}
Event: 39.148 GC heap after
{Heap after GC invocations=36 (full 0):
 garbage-first heap   total 192512K, used 148260K [0x0000000700e00000, 0x0000000800000000)
  region size 2048K, 2 young (4096K), 2 survivors (4096K)
 Metaspace       used 122437K, committed 123840K, reserved 1179648K
  class space    used 17433K, committed 18112K, reserved 1048576K
}
Event: 39.447 GC heap before
{Heap before GC invocations=36 (full 0):
 garbage-first heap   total 192512K, used 170788K [0x0000000700e00000, 0x0000000800000000)
  region size 2048K, 14 young (28672K), 2 survivors (4096K)
 Metaspace       used 125870K, committed 127360K, reserved 1179648K
  class space    used 17877K, committed 18560K, reserved 1048576K
}
Event: 39.456 GC heap after
{Heap after GC invocations=37 (full 0):
 garbage-first heap   total 231424K, used 155274K [0x0000000700e00000, 0x0000000800000000)
  region size 2048K, 2 young (4096K), 2 survivors (4096K)
 Metaspace       used 125870K, committed 127360K, reserved 1179648K
  class space    used 17877K, committed 18560K, reserved 1048576K
}
Event: 39.942 GC heap before
{Heap before GC invocations=38 (full 0):
 garbage-first heap   total 260096K, used 210570K [0x0000000700e00000, 0x0000000800000000)
  region size 2048K, 29 young (59392K), 2 survivors (4096K)
 Metaspace       used 126581K, committed 128000K, reserved 1179648K
  class space    used 17996K, committed 18624K, reserved 1048576K
}
Event: 39.953 GC heap after
{Heap after GC invocations=39 (full 0):
 garbage-first heap   total 260096K, used 179058K [0x0000000700e00000, 0x0000000800000000)
  region size 2048K, 4 young (8192K), 4 survivors (8192K)
 Metaspace       used 126581K, committed 128000K, reserved 1179648K
  class space    used 17996K, committed 18624K, reserved 1048576K
}
Event: 40.064 GC heap before
{Heap before GC invocations=39 (full 0):
 garbage-first heap   total 260096K, used 226162K [0x0000000700e00000, 0x0000000800000000)
  region size 2048K, 27 young (55296K), 4 survivors (8192K)
 Metaspace       used 126581K, committed 128000K, reserved 1179648K
  class space    used 17996K, committed 18624K, reserved 1048576K
}
Event: 40.080 GC heap after
{Heap after GC invocations=40 (full 0):
 garbage-first heap   total 260096K, used 195485K [0x0000000700e00000, 0x0000000800000000)
  region size 2048K, 4 young (8192K), 4 survivors (8192K)
 Metaspace       used 126581K, committed 128000K, reserved 1179648K
  class space    used 17996K, committed 18624K, reserved 1048576K
}
Event: 40.208 GC heap before
{Heap before GC invocations=40 (full 0):
 garbage-first heap   total 260096K, used 230301K [0x0000000700e00000, 0x0000000800000000)
  region size 2048K, 21 young (43008K), 4 survivors (8192K)
 Metaspace       used 126603K, committed 128000K, reserved 1179648K
  class space    used 18002K, committed 18624K, reserved 1048576K
}
Event: 40.217 GC heap after
{Heap after GC invocations=41 (full 0):
 garbage-first heap   total 260096K, used 208736K [0x0000000700e00000, 0x0000000800000000)
  region size 2048K, 3 young (6144K), 3 survivors (6144K)
 Metaspace       used 126603K, committed 128000K, reserved 1179648K
  class space    used 18002K, committed 18624K, reserved 1048576K
}
Event: 40.363 GC heap before
{Heap before GC invocations=42 (full 0):
 garbage-first heap   total 348160K, used 235360K [0x0000000700e00000, 0x0000000800000000)
  region size 2048K, 16 young (32768K), 3 survivors (6144K)
 Metaspace       used 126590K, committed 128000K, reserved 1179648K
  class space    used 17999K, committed 18624K, reserved 1048576K
}
Event: 40.370 GC heap after
{Heap after GC invocations=43 (full 0):
 garbage-first heap   total 348160K, used 219442K [0x0000000700e00000, 0x0000000800000000)
  region size 2048K, 2 young (4096K), 2 survivors (4096K)
 Metaspace       used 126590K, committed 128000K, reserved 1179648K
  class space    used 17999K, committed 18624K, reserved 1048576K
}
Event: 40.723 GC heap before
{Heap before GC invocations=43 (full 0):
 garbage-first heap   total 348160K, used 287026K [0x0000000700e00000, 0x0000000800000000)
  region size 2048K, 35 young (71680K), 2 survivors (4096K)
 Metaspace       used 126592K, committed 128000K, reserved 1179648K
  class space    used 17999K, committed 18624K, reserved 1048576K
}
Event: 40.738 GC heap after
{Heap after GC invocations=44 (full 0):
 garbage-first heap   total 348160K, used 241664K [0x0000000700e00000, 0x0000000800000000)
  region size 2048K, 5 young (10240K), 5 survivors (10240K)
 Metaspace       used 126592K, committed 128000K, reserved 1179648K
  class space    used 17999K, committed 18624K, reserved 1048576K
}
Event: 41.037 GC heap before
{Heap before GC invocations=44 (full 0):
 garbage-first heap   total 348160K, used 294912K [0x0000000700e00000, 0x0000000800000000)
  region size 2048K, 32 young (65536K), 5 survivors (10240K)
 Metaspace       used 126602K, committed 128000K, reserved 1179648K
  class space    used 18002K, committed 18624K, reserved 1048576K
}

