# JRE version: OpenJDK Runtime Environment Corretto-21.0.6.7.1 (21.0.6+7) (build 21.0.6+7-LTS)
# Java VM: OpenJDK 64-Bit Server VM Corretto-21.0.6.7.1 (21.0.6+7-LTS, mixed mode, emulated-client, sharing, tiered, compressed oops, compressed class ptrs, g1 gc, windows-amd64)
GC Precious Log:
 CardTable entry size: 512
 Card Set container configuration: InlinePtr #cards 4 size 8 Array Of Cards #cards 16 size 48 Howl #buckets 8 coarsen threshold 3686 Howl Bitmap #cards 512 size 80 coarsen threshold 460 Card regions per heap region 1 cards per card region 4096
 CPUs: 12 total, 12 available
 Memory: 16320M
 Large Page Support: Disabled
 NUMA Support: Disabled
 Compressed Oops: Enabled (Zero based)
 Heap Region Size: 2M
 Heap Min Capacity: 8M
 Heap Initial Capacity: 256M
 Heap Max Capacity: 4082M
 Pre-touch: Disabled
 Parallel Workers: 10
 Concurrent Workers: 3
 Concurrent Refinement Workers: 10
 Periodic GC: Disabled
Heap:
 garbage-first heap   total 448512K, used 323166K [0x0000000700e00000, 0x0000000800000000)
  region size 2048K, 6 young (12288K), 6 survivors (12288K)
 Metaspace       used 126314K, committed 127808K, reserved 1179648K
  class space    used 17891K, committed 18560K, reserved 1048576K
GC Heap History (20 events):
Event: 38.445 GC heap after
{Heap after GC invocations=28 (full 0):
 garbage-first heap   total 202752K, used 148902K [0x0000000700e00000, 0x0000000800000000)
  region size 2048K, 3 young (6144K), 3 survivors (6144K)
 Metaspace       used 119848K, committed 121216K, reserved 1179648K
  class space    used 16955K, committed 17600K, reserved 1048576K
}
Event: 39.020 GC heap before
{Heap before GC invocations=28 (full 0):
 garbage-first heap   total 202752K, used 167334K [0x0000000700e00000, 0x0000000800000000)
  region size 2048K, 14 young (28672K), 3 survivors (6144K)
 Metaspace       used 123125K, committed 124480K, reserved 1179648K
  class space    used 17475K, committed 18112K, reserved 1048576K
}
Event: 39.027 GC heap after
{Heap after GC invocations=29 (full 0):
 garbage-first heap   total 202752K, used 150219K [0x0000000700e00000, 0x0000000800000000)
  region size 2048K, 2 young (4096K), 2 survivors (4096K)
 Metaspace       used 123125K, committed 124480K, reserved 1179648K
  class space    used 17475K, committed 18112K, reserved 1048576K
}
Event: 39.597 GC heap before
{Heap before GC invocations=30 (full 0):
 garbage-first heap   total 253952K, used 180939K [0x0000000700e00000, 0x0000000800000000)
  region size 2048K, 18 young (36864K), 2 survivors (4096K)
 Metaspace       used 126280K, committed 127680K, reserved 1179648K
  class space    used 17881K, committed 18496K, reserved 1048576K
}
Event: 39.608 GC heap after
{Heap after GC invocations=31 (full 0):
 garbage-first heap   total 253952K, used 164698K [0x0000000700e00000, 0x0000000800000000)
  region size 2048K, 3 young (6144K), 3 survivors (6144K)
 Metaspace       used 126280K, committed 127680K, reserved 1179648K
  class space    used 17881K, committed 18496K, reserved 1048576K
}
Event: 39.896 GC heap before
{Heap before GC invocations=31 (full 0):
 garbage-first heap   total 253952K, used 224090K [0x0000000700e00000, 0x0000000800000000)
  region size 2048K, 33 young (67584K), 3 survivors (6144K)
 Metaspace       used 126331K, committed 127808K, reserved 1179648K
  class space    used 17895K, committed 18560K, reserved 1048576K
}
Event: 39.910 GC heap after
{Heap after GC invocations=32 (full 0):
 garbage-first heap   total 260096K, used 188416K [0x0000000700e00000, 0x0000000800000000)
  region size 2048K, 5 young (10240K), 5 survivors (10240K)
 Metaspace       used 126331K, committed 127808K, reserved 1179648K
  class space    used 17895K, committed 18560K, reserved 1048576K
}
Event: 40.026 GC heap before
{Heap before GC invocations=32 (full 0):
 garbage-first heap   total 260096K, used 229376K [0x0000000700e00000, 0x0000000800000000)
  region size 2048K, 25 young (51200K), 5 survivors (10240K)
 Metaspace       used 126333K, committed 127808K, reserved 1179648K
  class space    used 17895K, committed 18560K, reserved 1048576K
}
Event: 40.037 GC heap after
{Heap after GC invocations=33 (full 0):
 garbage-first heap   total 313344K, used 205535K [0x0000000700e00000, 0x0000000800000000)
  region size 2048K, 4 young (8192K), 4 survivors (8192K)
 Metaspace       used 126333K, committed 127808K, reserved 1179648K
  class space    used 17895K, committed 18560K, reserved 1048576K
}
Event: 40.322 GC heap before
{Heap before GC invocations=34 (full 0):
 garbage-first heap   total 346112K, used 264927K [0x0000000700e00000, 0x0000000800000000)
  region size 2048K, 33 young (67584K), 4 survivors (8192K)
 Metaspace       used 126290K, committed 127808K, reserved 1179648K
  class space    used 17882K, committed 18560K, reserved 1048576K
}
Event: 40.335 GC heap after
{Heap after GC invocations=35 (full 0):
 garbage-first heap   total 346112K, used 231424K [0x0000000700e00000, 0x0000000800000000)
  region size 2048K, 5 young (10240K), 5 survivors (10240K)
 Metaspace       used 126290K, committed 127808K, reserved 1179648K
  class space    used 17882K, committed 18560K, reserved 1048576K
}
Event: 40.524 GC heap before
{Heap before GC invocations=35 (full 0):
 garbage-first heap   total 346112K, used 292864K [0x0000000700e00000, 0x0000000800000000)
  region size 2048K, 35 young (71680K), 5 survivors (10240K)
 Metaspace       used 126296K, committed 127808K, reserved 1179648K
  class space    used 17884K, committed 18560K, reserved 1048576K
}
Event: 40.537 GC heap after
{Heap after GC invocations=36 (full 0):
 garbage-first heap   total 346112K, used 253952K [0x0000000700e00000, 0x0000000800000000)
  region size 2048K, 5 young (10240K), 5 survivors (10240K)
 Metaspace       used 126296K, committed 127808K, reserved 1179648K
  class space    used 17884K, committed 18560K, reserved 1048576K
}
Event: 40.670 GC heap before
{Heap before GC invocations=36 (full 0):
 garbage-first heap   total 346112K, used 301056K [0x0000000700e00000, 0x0000000800000000)
  region size 2048K, 29 young (59392K), 5 survivors (10240K)
 Metaspace       used 126296K, committed 127808K, reserved 1179648K
  class space    used 17884K, committed 18560K, reserved 1048576K
}
Event: 40.684 GC heap after
{Heap after GC invocations=37 (full 0):
 garbage-first heap   total 346112K, used 272834K [0x0000000700e00000, 0x0000000800000000)
  region size 2048K, 4 young (8192K), 4 survivors (8192K)
 Metaspace       used 126296K, committed 127808K, reserved 1179648K
  class space    used 17884K, committed 18560K, reserved 1048576K
}
Event: 40.923 GC heap before
{Heap before GC invocations=38 (full 0):
 garbage-first heap   total 448512K, used 303554K [0x0000000700e00000, 0x0000000800000000)
  region size 2048K, 22 young (45056K), 4 survivors (8192K)
 Metaspace       used 126314K, committed 127808K, reserved 1179648K
  class space    used 17891K, committed 18560K, reserved 1048576K
}
Event: 40.933 GC heap after
{Heap after GC invocations=39 (full 0):
 garbage-first heap   total 448512K, used 285447K [0x0000000700e00000, 0x0000000800000000)
  region size 2048K, 3 young (6144K), 3 survivors (6144K)
 Metaspace       used 126314K, committed 127808K, reserved 1179648K
  class space    used 17891K, committed 18560K, reserved 1048576K
}
Event: 41.180 GC heap before
{Heap before GC invocations=39 (full 0):
 garbage-first heap   total 448512K, used 367367K [0x0000000700e00000, 0x0000000800000000)
  region size 2048K, 44 young (90112K), 3 survivors (6144K)
 Metaspace       used 126314K, committed 127808K, reserved 1179648K
  class space    used 17891K, committed 18560K, reserved 1048576K
}
Event: 41.197 GC heap after
{Heap after GC invocations=40 (full 0):
 garbage-first heap   total 448512K, used 296960K [0x0000000700e00000, 0x0000000800000000)
  region size 2048K, 6 young (12288K), 6 survivors (12288K)
 Metaspace       used 126314K, committed 127808K, reserved 1179648K
  class space    used 17891K, committed 18560K, reserved 1048576K
}
Event: 41.376 GC heap before
{Heap before GC invocations=40 (full 0):
 garbage-first heap   total 448512K, used 374784K [0x0000000700e00000, 0x0000000800000000)
  region size 2048K, 44 young (90112K), 6 survivors (12288K)
 Metaspace       used 126314K, committed 127808K, reserved 1179648K
  class space    used 17891K, committed 18560K, reserved 1048576K
}

