# JRE version: OpenJDK Runtime Environment (21.0.2+13) (build 21.0.2+13-58)
# Java VM: OpenJDK 64-Bit Server VM (21.0.2+13-58, mixed mode, sharing, tiered, compressed oops, compressed class ptrs, g1 gc, windows-amd64)
GC Precious Log:
 CardTable entry size: 512
 Card Set container configuration: InlinePtr #cards 5 size 8 Array Of Cards #cards 12 size 40 Howl #buckets 4 coarsen threshold 1843 Howl Bitmap #cards 512 size 80 coarsen threshold 460 Card regions per heap region 1 cards per card region 2048
 CPUs: 12 total, 12 available
 Memory: 16320M
 Large Page Support: Disabled
 NUMA Support: Disabled
 Compressed Oops: Enabled (32-bit)
 Heap Region Size: 1M
 Heap Min Capacity: 256M
 Heap Initial Capacity: 256M
 Heap Max Capacity: 512M
 Pre-touch: Disabled
 Parallel Workers: 10
 Concurrent Workers: 3
 Concurrent Refinement Workers: 10
 Periodic GC: Disabled
Heap:
 garbage-first heap   total 454656K, used 357747K [0x00000000e0000000, 0x0000000100000000)
  region size 1024K, 129 young (132096K), 19 survivors (19456K)
 Metaspace       used 115611K, committed 117376K, reserved 458752K
  class space    used 14943K, committed 15808K, reserved 327680K
GC Heap History (20 events):
Event: 2428.900 GC heap before
{Heap before GC invocations=77 (full 0):
 garbage-first heap   total 427008K, used 381527K [0x00000000e0000000, 0x0000000100000000)
  region size 1024K, 178 young (182272K), 22 survivors (22528K)
 Metaspace       used 112983K, committed 116288K, reserved 458752K
  class space    used 14671K, committed 15680K, reserved 327680K
}
Event: 2428.914 GC heap after
{Heap after GC invocations=78 (full 0):
 garbage-first heap   total 427008K, used 224631K [0x00000000e0000000, 0x0000000100000000)
  region size 1024K, 9 young (9216K), 9 survivors (9216K)
 Metaspace       used 112983K, committed 116288K, reserved 458752K
  class space    used 14671K, committed 15680K, reserved 327680K
}
Event: 2429.875 GC heap before
{Heap before GC invocations=79 (full 0):
 garbage-first heap   total 427008K, used 366967K [0x00000000e0000000, 0x0000000100000000)
  region size 1024K, 166 young (169984K), 9 survivors (9216K)
 Metaspace       used 112993K, committed 116288K, reserved 458752K
  class space    used 14672K, committed 15680K, reserved 327680K
}
Event: 2429.894 GC heap after
{Heap after GC invocations=80 (full 0):
 garbage-first heap   total 427008K, used 223232K [0x00000000e0000000, 0x0000000100000000)
  region size 1024K, 21 young (21504K), 21 survivors (21504K)
 Metaspace       used 112993K, committed 116288K, reserved 458752K
  class space    used 14672K, committed 15680K, reserved 327680K
}
Event: 2430.961 GC heap before
{Heap before GC invocations=80 (full 0):
 garbage-first heap   total 427008K, used 385024K [0x00000000e0000000, 0x0000000100000000)
  region size 1024K, 177 young (181248K), 21 survivors (21504K)
 Metaspace       used 113139K, committed 116288K, reserved 458752K
  class space    used 14680K, committed 15680K, reserved 327680K
}
Event: 2430.984 GC heap after
{Heap after GC invocations=81 (full 0):
 garbage-first heap   total 427008K, used 212652K [0x00000000e0000000, 0x0000000100000000)
  region size 1024K, 13 young (13312K), 13 survivors (13312K)
 Metaspace       used 113139K, committed 116288K, reserved 458752K
  class space    used 14680K, committed 15680K, reserved 327680K
}
Event: 2431.003 GC heap before
{Heap before GC invocations=81 (full 0):
 garbage-first heap   total 427008K, used 213676K [0x00000000e0000000, 0x0000000100000000)
  region size 1024K, 15 young (15360K), 13 survivors (13312K)
 Metaspace       used 113139K, committed 116288K, reserved 458752K
  class space    used 14680K, committed 15680K, reserved 327680K
}
Event: 2431.009 GC heap after
{Heap after GC invocations=82 (full 0):
 garbage-first heap   total 427008K, used 212138K [0x00000000e0000000, 0x0000000100000000)
  region size 1024K, 13 young (13312K), 13 survivors (13312K)
 Metaspace       used 113139K, committed 116288K, reserved 458752K
  class space    used 14680K, committed 15680K, reserved 327680K
}
Event: 2432.978 GC heap before
{Heap before GC invocations=83 (full 0):
 garbage-first heap   total 427008K, used 359594K [0x00000000e0000000, 0x0000000100000000)
  region size 1024K, 168 young (172032K), 13 survivors (13312K)
 Metaspace       used 114719K, committed 116416K, reserved 458752K
  class space    used 14866K, committed 15680K, reserved 327680K
}
Event: 2432.998 GC heap after
{Heap after GC invocations=84 (full 0):
 garbage-first heap   total 427008K, used 225744K [0x00000000e0000000, 0x0000000100000000)
  region size 1024K, 21 young (21504K), 21 survivors (21504K)
 Metaspace       used 114719K, committed 116416K, reserved 458752K
  class space    used 14866K, committed 15680K, reserved 327680K
}
Event: 2433.844 GC heap before
{Heap before GC invocations=84 (full 0):
 garbage-first heap   total 427008K, used 371152K [0x00000000e0000000, 0x0000000100000000)
  region size 1024K, 163 young (166912K), 21 survivors (21504K)
 Metaspace       used 115028K, committed 116736K, reserved 458752K
  class space    used 14890K, committed 15744K, reserved 327680K
}
Event: 2433.868 GC heap after
{Heap after GC invocations=85 (full 0):
 garbage-first heap   total 427008K, used 208708K [0x00000000e0000000, 0x0000000100000000)
  region size 1024K, 8 young (8192K), 8 survivors (8192K)
 Metaspace       used 115028K, committed 116736K, reserved 458752K
  class space    used 14890K, committed 15744K, reserved 327680K
}
Event: 2434.610 GC heap before
{Heap before GC invocations=85 (full 0):
 garbage-first heap   total 427008K, used 369476K [0x00000000e0000000, 0x0000000100000000)
  region size 1024K, 165 young (168960K), 8 survivors (8192K)
 Metaspace       used 115062K, committed 116736K, reserved 458752K
  class space    used 14893K, committed 15744K, reserved 327680K
}
Event: 2434.620 GC heap after
{Heap after GC invocations=86 (full 0):
 garbage-first heap   total 427008K, used 212749K [0x00000000e0000000, 0x0000000100000000)
  region size 1024K, 12 young (12288K), 12 survivors (12288K)
 Metaspace       used 115062K, committed 116736K, reserved 458752K
  class space    used 14893K, committed 15744K, reserved 327680K
}
Event: 2436.204 GC heap before
{Heap before GC invocations=87 (full 0):
 garbage-first heap   total 427008K, used 376589K [0x00000000e0000000, 0x0000000100000000)
  region size 1024K, 172 young (176128K), 12 survivors (12288K)
 Metaspace       used 115190K, committed 116864K, reserved 458752K
  class space    used 14901K, committed 15744K, reserved 327680K
}
Event: 2436.216 GC heap after
{Heap after GC invocations=88 (full 0):
 garbage-first heap   total 427008K, used 215876K [0x00000000e0000000, 0x0000000100000000)
  region size 1024K, 15 young (15360K), 15 survivors (15360K)
 Metaspace       used 115190K, committed 116864K, reserved 458752K
  class space    used 14901K, committed 15744K, reserved 327680K
}
Event: 2442.375 GC heap before
{Heap before GC invocations=88 (full 0):
 garbage-first heap   total 427008K, used 380740K [0x00000000e0000000, 0x0000000100000000)
  region size 1024K, 176 young (180224K), 15 survivors (15360K)
 Metaspace       used 115438K, committed 117184K, reserved 458752K
  class space    used 14922K, committed 15808K, reserved 327680K
}
Event: 2442.405 GC heap after
{Heap after GC invocations=89 (full 0):
 garbage-first heap   total 427008K, used 227072K [0x00000000e0000000, 0x0000000100000000)
  region size 1024K, 22 young (22528K), 22 survivors (22528K)
 Metaspace       used 115438K, committed 117184K, reserved 458752K
  class space    used 14922K, committed 15808K, reserved 327680K
}
Event: 2443.146 GC heap before
{Heap before GC invocations=89 (full 0):
 garbage-first heap   total 427008K, used 381696K [0x00000000e0000000, 0x0000000100000000)
  region size 1024K, 173 young (177152K), 22 survivors (22528K)
 Metaspace       used 115450K, committed 117184K, reserved 458752K
  class space    used 14923K, committed 15808K, reserved 327680K
}
Event: 2443.171 GC heap after
{Heap after GC invocations=90 (full 0):
 garbage-first heap   total 427008K, used 247155K [0x00000000e0000000, 0x0000000100000000)
  region size 1024K, 19 young (19456K), 19 survivors (19456K)
 Metaspace       used 115450K, committed 117184K, reserved 458752K
  class space    used 14923K, committed 15808K, reserved 327680K
}

