# JRE version: OpenJDK Runtime Environment (21.0.2+13) (build 21.0.2+13-58)
# Java VM: OpenJDK 64-Bit Server VM (21.0.2+13-58, mixed mode, sharing, tiered, compressed oops, compressed class ptrs, g1 gc, windows-amd64)
GC Precious Log:
 CardTable entry size: 512
 Card Set container configuration: InlinePtr #cards 5 size 8 Array Of Cards #cards 12 size 40 Howl #buckets 4 coarsen threshold 1843 Howl Bitmap #cards 512 size 80 coarsen threshold 460 Card regions per heap region 1 cards per card region 2048
 CPUs: 12 total, 12 available
 Memory: 16320M
 Large Page Support: Disabled
 NUMA Support: Disabled
 Compressed Oops: Enabled (32-bit)
 Heap Region Size: 1M
 Heap Min Capacity: 256M
 Heap Initial Capacity: 256M
 Heap Max Capacity: 512M
 Pre-touch: Disabled
 Parallel Workers: 10
 Concurrent Workers: 3
 Concurrent Refinement Workers: 10
 Periodic GC: Disabled
Heap:
 garbage-first heap   total 351232K, used 156465K [0x00000000e0000000, 0x0000000100000000)
  region size 1024K, 6 young (6144K), 5 survivors (5120K)
 Metaspace       used 89157K, committed 90944K, reserved 458752K
  class space    used 12154K, committed 13184K, reserved 327680K
GC Heap History (20 events):
Event: 1212.758 GC heap before
{Heap before GC invocations=48 (full 0):
 garbage-first heap   total 316416K, used 285787K [0x00000000e0000000, 0x0000000100000000)
  region size 1024K, 119 young (121856K), 17 survivors (17408K)
 Metaspace       used 87926K, committed 90688K, reserved 458752K
  class space    used 12078K, committed 13184K, reserved 327680K
}
Event: 1212.771 GC heap after
{Heap after GC invocations=49 (full 0):
 garbage-first heap   total 316416K, used 180545K [0x00000000e0000000, 0x0000000100000000)
  region size 1024K, 13 young (13312K), 13 survivors (13312K)
 Metaspace       used 87926K, committed 90688K, reserved 458752K
  class space    used 12078K, committed 13184K, reserved 327680K
}
Event: 1213.328 GC heap before
{Heap before GC invocations=49 (full 0):
 garbage-first heap   total 316416K, used 284993K [0x00000000e0000000, 0x0000000100000000)
  region size 1024K, 116 young (118784K), 13 survivors (13312K)
 Metaspace       used 87950K, committed 90688K, reserved 458752K
  class space    used 12078K, committed 13184K, reserved 327680K
}
Event: 1213.346 GC heap after
{Heap after GC invocations=50 (full 0):
 garbage-first heap   total 316416K, used 174214K [0x00000000e0000000, 0x0000000100000000)
  region size 1024K, 7 young (7168K), 7 survivors (7168K)
 Metaspace       used 87950K, committed 90688K, reserved 458752K
  class space    used 12078K, committed 13184K, reserved 327680K
}
Event: 1213.675 GC heap before
{Heap before GC invocations=50 (full 0):
 garbage-first heap   total 316416K, used 287878K [0x00000000e0000000, 0x0000000100000000)
  region size 1024K, 119 young (121856K), 7 survivors (7168K)
 Metaspace       used 87962K, committed 90688K, reserved 458752K
  class space    used 12078K, committed 13184K, reserved 327680K
}
Event: 1213.680 GC heap after
{Heap after GC invocations=51 (full 0):
 garbage-first heap   total 316416K, used 173333K [0x00000000e0000000, 0x0000000100000000)
  region size 1024K, 7 young (7168K), 7 survivors (7168K)
 Metaspace       used 87962K, committed 90688K, reserved 458752K
  class space    used 12078K, committed 13184K, reserved 327680K
}
Event: 1214.084 GC heap before
{Heap before GC invocations=52 (full 0):
 garbage-first heap   total 348160K, used 285973K [0x00000000e0000000, 0x0000000100000000)
  region size 1024K, 121 young (123904K), 7 survivors (7168K)
 Metaspace       used 87967K, committed 90688K, reserved 458752K
  class space    used 12078K, committed 13184K, reserved 327680K
}
Event: 1214.090 GC heap after
{Heap after GC invocations=53 (full 0):
 garbage-first heap   total 348160K, used 171142K [0x00000000e0000000, 0x0000000100000000)
  region size 1024K, 7 young (7168K), 7 survivors (7168K)
 Metaspace       used 87967K, committed 90688K, reserved 458752K
  class space    used 12078K, committed 13184K, reserved 327680K
}
Event: 1220.800 GC heap before
{Heap before GC invocations=53 (full 0):
 garbage-first heap   total 348160K, used 322694K [0x00000000e0000000, 0x0000000100000000)
  region size 1024K, 155 young (158720K), 7 survivors (7168K)
 Metaspace       used 88159K, committed 90752K, reserved 458752K
  class space    used 12079K, committed 13184K, reserved 327680K
}
Event: 1220.815 GC heap after
{Heap after GC invocations=54 (full 0):
 garbage-first heap   total 348160K, used 179723K [0x00000000e0000000, 0x0000000100000000)
  region size 1024K, 20 young (20480K), 20 survivors (20480K)
 Metaspace       used 88159K, committed 90752K, reserved 458752K
  class space    used 12079K, committed 13184K, reserved 327680K
}
Event: 1260.689 GC heap before
{Heap before GC invocations=54 (full 0):
 garbage-first heap   total 348160K, used 308747K [0x00000000e0000000, 0x0000000100000000)
  region size 1024K, 146 young (149504K), 20 survivors (20480K)
 Metaspace       used 88420K, committed 90752K, reserved 458752K
  class space    used 12094K, committed 13184K, reserved 327680K
}
Event: 1260.708 GC heap after
{Heap after GC invocations=55 (full 0):
 garbage-first heap   total 348160K, used 159924K [0x00000000e0000000, 0x0000000100000000)
  region size 1024K, 6 young (6144K), 6 survivors (6144K)
 Metaspace       used 88420K, committed 90752K, reserved 458752K
  class space    used 12094K, committed 13184K, reserved 327680K
}
Event: 1261.654 GC heap before
{Heap before GC invocations=55 (full 0):
 garbage-first heap   total 348160K, used 320692K [0x00000000e0000000, 0x0000000100000000)
  region size 1024K, 163 young (166912K), 6 survivors (6144K)
 Metaspace       used 88458K, committed 90752K, reserved 458752K
  class space    used 12096K, committed 13184K, reserved 327680K
}
Event: 1261.664 GC heap after
{Heap after GC invocations=56 (full 0):
 garbage-first heap   total 348160K, used 169853K [0x00000000e0000000, 0x0000000100000000)
  region size 1024K, 15 young (15360K), 15 survivors (15360K)
 Metaspace       used 88458K, committed 90752K, reserved 458752K
  class space    used 12096K, committed 13184K, reserved 327680K
}
Event: 1297.770 GC heap before
{Heap before GC invocations=57 (full 0):
 garbage-first heap   total 348160K, used 312309K [0x00000000e0000000, 0x0000000100000000)
  region size 1024K, 157 young (160768K), 15 survivors (15360K)
 Metaspace       used 88645K, committed 90752K, reserved 458752K
  class space    used 12102K, committed 13184K, reserved 327680K
}
Event: 1297.783 GC heap after
{Heap after GC invocations=58 (full 0):
 garbage-first heap   total 348160K, used 167707K [0x00000000e0000000, 0x0000000100000000)
  region size 1024K, 15 young (15360K), 15 survivors (15360K)
 Metaspace       used 88645K, committed 90752K, reserved 458752K
  class space    used 12102K, committed 13184K, reserved 327680K
}
Event: 1298.843 GC heap before
{Heap before GC invocations=58 (full 0):
 garbage-first heap   total 348160K, used 318235K [0x00000000e0000000, 0x0000000100000000)
  region size 1024K, 158 young (161792K), 15 survivors (15360K)
 Metaspace       used 88774K, committed 90816K, reserved 458752K
  class space    used 12102K, committed 13184K, reserved 327680K
}
Event: 1298.862 GC heap after
{Heap after GC invocations=59 (full 0):
 garbage-first heap   total 351232K, used 158984K [0x00000000e0000000, 0x0000000100000000)
  region size 1024K, 12 young (12288K), 12 survivors (12288K)
 Metaspace       used 88774K, committed 90816K, reserved 458752K
  class space    used 12102K, committed 13184K, reserved 327680K
}
Event: 1397.106 GC heap before
{Heap before GC invocations=59 (full 0):
 garbage-first heap   total 351232K, used 190728K [0x00000000e0000000, 0x0000000100000000)
  region size 1024K, 44 young (45056K), 12 survivors (12288K)
 Metaspace       used 89157K, committed 90944K, reserved 458752K
  class space    used 12154K, committed 13184K, reserved 327680K
}
Event: 1397.191 GC heap after
{Heap after GC invocations=60 (full 0):
 garbage-first heap   total 351232K, used 151345K [0x00000000e0000000, 0x0000000100000000)
  region size 1024K, 5 young (5120K), 5 survivors (5120K)
 Metaspace       used 89157K, committed 90944K, reserved 458752K
  class space    used 12154K, committed 13184K, reserved 327680K
}

